<?xml version="1.0" encoding="UTF-8"?>
<!-- Generated by org.testng.reporters.JUnitXMLReporter -->
<testsuite ignored="2" hostname="DESKTOP-HUI6R7L" failures="0" tests="1" name="Default test" time="28.06" errors="0" timestamp="2025-07-31T23:57:29 PDT">
  <testcase classname="com.group3.CRMtests.ContactsTest" name="createContactWithMandatoryFields" time="19.02"/>
  <testcase classname="com.group3.CRMtests.ContactsTest" name="clickCreateContactButton" time="0.0">
    <ignored/>
  </testcase> <!-- clickCreateContactButton -->
  <testcase classname="com.group3.CRMtests.ContactsTest" name="clickContacts" time="0.0">
    <ignored/>
  </testcase> <!-- clickContacts -->
</testsuite> <!-- Default test -->
