<?xml version="1.0" encoding="UTF-8"?>
<!-- Generated by org.testng.reporters.JUnitXMLReporter -->
<testsuite ignored="19" hostname="DESKTOP-HUI6R7L" failures="0" tests="1" name="Default test" time="32.664" errors="0" timestamp="2025-08-02T19:21:07 PDT">
  <testcase classname="com.group3.CRMtests.ContactsTest" name="createContactWithAllFieldsBlank" time="22.411"/>
  <testcase classname="com.group3.CRMtests.ContactsTest" name="shortMobileNumber" time="0.0">
    <ignored/>
  </testcase> <!-- shortMobileNumber -->
  <testcase classname="com.group3.CRMtests.ContactsTest" name="verifyContactIdIsAutoGeneratedAndUnique" time="0.0">
    <ignored/>
  </testcase> <!-- verifyContactIdIsAutoGeneratedAndUnique -->
  <testcase classname="com.group3.CRMtests.ContactsTest" name="leaveMobileBlank" time="0.0">
    <ignored/>
  </testcase> <!-- leaveMobileBlank -->
  <testcase classname="com.group3.CRMtests.ContactsTest" name="clickCreateContactButton" time="0.0">
    <ignored/>
  </testcase> <!-- clickCreateContactButton -->
  <testcase classname="com.group3.CRMtests.ContactsTest" name="leaveCampaignBlank" time="0.0">
    <ignored/>
  </testcase> <!-- leaveCampaignBlank -->
  <testcase classname="com.group3.CRMtests.ContactsTest" name="createContactWithSpecialCharacters" time="0.0">
    <ignored/>
  </testcase> <!-- createContactWithSpecialCharacters -->
  <testcase classname="com.group3.CRMtests.ContactsTest" name="clickContacts" time="0.0">
    <ignored/>
  </testcase> <!-- clickContacts -->
  <testcase classname="com.group3.CRMtests.ContactsTest" name="createContactWithvalidDept" time="0.0">
    <ignored/>
  </testcase> <!-- createContactWithvalidDept -->
  <testcase classname="com.group3.CRMtests.ContactsTest" name="createContactWithOptionalFields" time="0.0">
    <ignored/>
  </testcase> <!-- createContactWithOptionalFields -->
  <testcase classname="com.group3.CRMtests.ContactsTest" name="createContactWithMandatoryFields" time="0.0">
    <ignored/>
  </testcase> <!-- createContactWithMandatoryFields -->
  <testcase classname="com.group3.CRMtests.ContactsTest" name="createContactWithvalidMobile" time="0.0">
    <ignored/>
  </testcase> <!-- createContactWithvalidMobile -->
  <testcase classname="com.group3.CRMtests.ContactsTest" name="createContactWithvalidEmailFormat" time="0.0">
    <ignored/>
  </testcase> <!-- createContactWithvalidEmailFormat -->
  <testcase classname="com.group3.CRMtests.ContactsTest" name="createContactWithAllFields" time="0.0">
    <ignored/>
  </testcase> <!-- createContactWithAllFields -->
  <testcase classname="com.group3.CRMtests.ContactsTest" name="createContactWithvalidOffice" time="0.0">
    <ignored/>
  </testcase> <!-- createContactWithvalidOffice -->
  <testcase classname="com.group3.CRMtests.ContactsTest" name="leaveTitleBlank" time="0.0">
    <ignored/>
  </testcase> <!-- leaveTitleBlank -->
  <testcase classname="com.group3.CRMtests.ContactsTest" name="leaveOrgBlank" time="0.0">
    <ignored/>
  </testcase> <!-- leaveOrgBlank -->
  <testcase classname="com.group3.CRMtests.ContactsTest" name="leaveContactNameBlank" time="0.0">
    <ignored/>
  </testcase> <!-- leaveContactNameBlank -->
  <testcase classname="com.group3.CRMtests.ContactsTest" name="titleInputWithVariousRoles" time="0.0">
    <ignored/>
  </testcase> <!-- titleInputWithVariousRoles -->
  <testcase classname="com.group3.CRMtests.ContactsTest" name="createContactWithInvalidEmail" time="0.0">
    <ignored/>
  </testcase> <!-- createContactWithInvalidEmail -->
</testsuite> <!-- Default test -->
